Date/Time:       2022-09-29 08:53:03 
Command line:    C:\Users\tzema\AppData\Roaming\Python\Python310\Scripts\briefcase run

OS Release:      Windows 10
OS Version:      10.0.18363
Architecture:    AMD64
Platform:        Windows-10-10.0.18363-SP0

Python exe:      C:\Program Files\Python310\python.exe
Python version:  3.10.5 (tags/v3.10.5:f377153, Jun  6 2022, 16:14:13) [MSC v.1929 64 bit (AMD64)]
Virtual env:     False
Conda env:       False

Briefcase:       0.3.9
Target platform: windows
Target format:   app

Environment Variables:
    ALLUSERSPROFILE=C:\ProgramData
    APPDATA=C:\Users\tzema\AppData\Roaming
    CHOCOLATEYINSTALL=C:\ProgramData\chocolatey
    CHOCOLATEYLASTPATHUPDATE=133022356521885653
    COMMONPROGRAMFILES=C:\Program Files\Common Files
    COMMONPROGRAMFILES(X86)=C:\Program Files (x86)\Common Files
    COMMONPROGRAMW6432=C:\Program Files\Common Files
    COMPUTERNAME=LAPTOP-T-D-613
    COMSPEC=C:\Windows\system32\cmd.exe
    DRIVERDATA=C:\Windows\System32\Drivers\DriverData
    HOMEDRIVE=C:
    HOMEPATH=\Users\tzema
    JAVA_HOME=C:\Program Files\Android\jdk\jdk-8.0.302.8-hotspot\jdk8u302-b08
    LOCALAPPDATA=C:\Users\tzema\AppData\Local
    LOGONSERVER=\\LAPTOP-T-D-613
    NUMBER_OF_PROCESSORS=8
    ONEDRIVE=C:\Users\tzema\OneDrive
    ONEDRIVECONSUMER=C:\Users\tzema\OneDrive
    OS=Windows_NT
    PATH=C:\Program Files\Python310\Scripts\;C:\Program Files\Python310\;C:\Program Files (x86)\Common Files\Oracle\Java\javapath;C:\Program Files\Microsoft\jdk-11.0.12.7-hotspot\bin;C:\Windows\system32;C:\Windows;C:\Windows\System32\Wbem;C:\Windows\System32\WindowsPowerShell\v1.0\;C:\Windows\System32\OpenSSH\;C:\Program Files\Intel\WiFi\bin\;C:\Program Files\Common Files\Intel\WirelessCommon\;C:\Program Files\dotnet\;C:\Program Files (x86)\Windows Kits\10\Windows Performance Toolkit\;C:\Program Files (x86)\IncrediBuild;C:\Program Files\Java\jdk-18.0.1.1\bin\javac;C:\Program Files\Java\jdk-18.0.1.1\bin\jar;C:\Users\tzema\Downloads\itch-plan-install\itch-plan-install\vendor\;C:\ProgramData\chocolatey\bin;C:\Users\tzema\AppData\Local\Vbsedit\x64;C:\Program Files\Microsoft SQL Server\150\Tools\Binn\;C:\Program Files\Microsoft SQL Server\Client SDK\ODBC\170\Tools\Binn\;C:\Users\tzema\AppData\Roaming\Python\Python310\Scripts;C:\Program Files\CMake\bin;C:\Program Files\Git\cmd;C:\Users\tzema\AppData\Local\Programs\Python\Python310\Scripts\;C:\Users\tzema\AppData\Local\Programs\Python\Python310\;C:\Users\tzema\AppData\Local\Microsoft\WindowsApps;C:\Users\tzema\.dotnet\tools;C:\Program Files\JetBrains\PyCharm Community Edition 2022.1\bin;;C:\Users\tzema\AppData\Local\GitHubDesktop\bin;C:\ProgramData\tzema\GitHubDesktop\bin
    PATHEXT=.COM;.EXE;.BAT;.CMD;.VBS;.VBE;.JS;.JSE;.WSF;.WSH;.MSC;.PY;.PYW
    PROCESSOR_ARCHITECTURE=AMD64
    PROCESSOR_IDENTIFIER=Intel64 Family 6 Model 142 Stepping 12, GenuineIntel
    PROCESSOR_LEVEL=6
    PROCESSOR_REVISION=8e0c
    PROGRAMDATA=C:\ProgramData
    PROGRAMFILES=C:\Program Files
    PROGRAMFILES(X86)=C:\Program Files (x86)
    PROGRAMW6432=C:\Program Files
    PROMPT=$P$G
    PSMODULEPATH=C:\Program Files\WindowsPowerShell\Modules;C:\Windows\system32\WindowsPowerShell\v1.0\Modules
    PUBLIC=C:\Users\Public
    PYCHARM COMMUNITY EDITION=C:\Program Files\JetBrains\PyCharm Community Edition 2022.1\bin;
    SESSIONNAME=Console
    SYSTEMDRIVE=C:
    SYSTEMROOT=C:\Windows
    TEMP=C:\Users\tzema\AppData\Local\Temp
    TMP=C:\Users\tzema\AppData\Local\Temp
    USERDOMAIN=LAPTOP-T-D-613
    USERDOMAIN_ROAMINGPROFILE=LAPTOP-T-D-613
    USERNAME=tzema
    USERPROFILE=C:\Users\tzema
    WINDIR=C:\Windows
    ZES_ENABLE_SYSMAN=1

Briefcase Log:
[08:51:29]                                                                                                                                                            __init__.py:83
           [onetwothreesoundeffects] Starting app...                                                                                                                  __init__.py:83
           ===========================================================================                                                                                __init__.py:86
                                                                                                                                                                   subprocess.py:442
           >>> Running Command:                                                                                                                                    subprocess.py:443
           >>>     'C:\Users\tzema\Documents\GitHub\1-2-3-sound-effects\onetwothreesoundeffects\windows\app\1-2-3 sound effects\src\1-2-3 sound effects.exe'       subprocess.py:444
           >>> Working Directory:                                                                                                                                  subprocess.py:451
           >>>     C:\Users\tzema                                                                                                                                  subprocess.py:452
[08:53:03] >>> Return code: 1                                                                                                                                      subprocess.py:479
                                                                                                                                                                      __main__.py:22
           Unable to start app onetwothreesoundeffects.                                                                                                               __main__.py:23

┌─────────────────────────────────────────────────────────────────────── Traceback (most recent call last) ────────────────────────────────────────────────────────────────────────┐
│ C:\Users\tzema\AppData\Roaming\Python\Python310\site-packages\briefcase\platforms\windows\__init__.py:87 in run_app                                                              │
│                                                                                                                                                                                  │
│    84 │   │   try:                                                                                                                                                               │
│    85 │   │   │   # Start streaming logs for the app.                                                                                                                            │
│    86 │   │   │   self.logger.info("=" * 75)                                                                                                                                     │
│ >  87 │   │   │   self.subprocess.run(                                                                                                                                           │
│    88 │   │   │   │   [os.fsdecode(self.binary_path(app))],                                                                                                                      │
│    89 │   │   │   │   cwd=self.home_path,                                                                                                                                        │
│    90 │   │   │   │   check=True,                                                                                                                                                │
│                                                                                                                                                                                  │
│ ┌─────────────────────────────────────────── locals ───────────────────────────────────────────┐                                                                                 │
│ │    app = <com.example.onetwothreesoundeffects v0.0.1 AppConfig>                              │                                                                                 │
│ │ kwargs = {}                                                                                  │                                                                                 │
│ │   self = <briefcase.platforms.windows.app.WindowsAppRunCommand object at 0x0000016E43D2FC10> │                                                                                 │
│ └──────────────────────────────────────────────────────────────────────────────────────────────┘                                                                                 │
│                                                                                                                                                                                  │
│ C:\Users\tzema\AppData\Roaming\Python\Python310\site-packages\briefcase\integrations\subprocess.py:225 in run                                                                    │
│                                                                                                                                                                                  │
│   222 │   │   self._log_environment(kwargs.get("env"))                                                                                                                           │
│   223 │   │                                                                                                                                                                      │
│   224 │   │   try:                                                                                                                                                               │
│ > 225 │   │   │   command_result = self._subprocess.run(                                                                                                                         │
│   226 │   │   │   │   [str(arg) for arg in args], **self.final_kwargs(**kwargs)                                                                                                  │
│   227 │   │   │   )                                                                                                                                                              │
│   228 │   │   except subprocess.CalledProcessError as e:                                                                                                                         │
│                                                                                                                                                                                  │
│ ┌─────────────────────────────────────────────────────── locals ────────────────────────────────────────────────────────┐                                                        │
│ │                 args = ['C:\\Users\\tzema\\Documents\\GitHub\\1-2-3-sound-effects\\onetwothreesoundeffects\\wind'+55] │                                                        │
│ │ is_output_redirected = None                                                                                           │                                                        │
│ │               kwargs = {'cwd': WindowsPath('C:/Users/tzema'), 'check': True}                                          │                                                        │
│ │                 self = <briefcase.integrations.subprocess.Subprocess object at 0x0000016E43E0B610>                    │                                                        │
│ │        stream_output = False                                                                                          │                                                        │
│ └───────────────────────────────────────────────────────────────────────────────────────────────────────────────────────┘                                                        │
│                                                                                                                                                                                  │
│ C:\Program Files\Python310\lib\subprocess.py:524 in run                                                                                                                          │
│                                                                                                                                                                                  │
│    521 │   │   │   raise                                                                                                                                                         │
│    522 │   │   retcode = process.poll()                                                                                                                                          │
│    523 │   │   if check and retcode:                                                                                                                                             │
│ >  524 │   │   │   raise CalledProcessError(retcode, process.args,                                                                                                               │
│    525 │   │   │   │   │   │   │   │   │    output=stdout, stderr=stderr)                                                                                                        │
│    526 │   return CompletedProcess(process.args, retcode, stdout, stderr)                                                                                                        │
│    527                                                                                                                                                                           │
│                                                                                                                                                                                  │
│ ┌────────────────────────────────────────────────────── locals ──────────────────────────────────────────────────────┐                                                           │
│ │ capture_output = False                                                                                             │                                                           │
│ │          check = True                                                                                              │                                                           │
│ │          input = None                                                                                              │                                                           │
│ │         kwargs = {'cwd': 'C:\\Users\\tzema', 'text': True, 'encoding': 'cp850'}                                    │                                                           │
│ │      popenargs = (['C:\\Users\\tzema\\Documents\\GitHub\\1-2-3-sound-effects\\onetwothreesoundeffects\\wind'+55],) │                                                           │
│ │        process = <Popen: returncode: 1 args: ['C:\\Users\\tzema\\Documents\\GitHub\\1-2-3-sou...>                  │                                                           │
│ │        retcode = 1                                                                                                 │                                                           │
│ │         stderr = None                                                                                              │                                                           │
│ │         stdout = None                                                                                              │                                                           │
│ │        timeout = None                                                                                              │                                                           │
│ └────────────────────────────────────────────────────────────────────────────────────────────────────────────────────┘                                                           │
└──────────────────────────────────────────────────────────────────────────────────────────────────────────────────────────────────────────────────────────────────────────────────┘
CalledProcessError: Command '['C:\\Users\\tzema\\Documents\\GitHub\\1-2-3-sound-effects\\onetwothreesoundeffects\\windows\\app\\1-2-3 sound effects\\src\\1-2-3 sound effects.exe']' returned non-zero exit status 1.

The above exception was the direct cause of the following exception:

┌─────────────────────────────────────────────────────────────────────── Traceback (most recent call last) ────────────────────────────────────────────────────────────────────────┐
│ C:\Users\tzema\AppData\Roaming\Python\Python310\site-packages\briefcase\__main__.py:15 in main                                                                                   │
│                                                                                                                                                                                  │
│   12 │   │   command, options = parse_cmdline(sys.argv[1:])                                                                                                                      │
│   13 │   │   command.check_obsolete_data_dir()                                                                                                                                   │
│   14 │   │   command.parse_config("pyproject.toml")                                                                                                                              │
│ > 15 │   │   command(**options)                                                                                                                                                  │
│   16 │   │   result = 0                                                                                                                                                          │
│   17 │   except HelpText as e:                                                                                                                                                   │
│   18 │   │   log.info()                                                                                                                                                          │
│                                                                                                                                                                                  │
│ ┌─────────────────────────────────────────── locals ────────────────────────────────────────────┐                                                                                │
│ │ command = <briefcase.platforms.windows.app.WindowsAppRunCommand object at 0x0000016E43D2FC10> │                                                                                │
│ │       e = BriefcaseCommandError('Unable to start app onetwothreesoundeffects.')               │                                                                                │
│ │     log = <briefcase.console.Log object at 0x0000016E41B2DD80>                                │                                                                                │
│ │ options = {'appname': None, 'update': False}                                                  │                                                                                │
│ │  result = 200                                                                                 │                                                                                │
│ └───────────────────────────────────────────────────────────────────────────────────────────────┘                                                                                │
│                                                                                                                                                                                  │
│ C:\Users\tzema\AppData\Roaming\Python\Python310\site-packages\briefcase\commands\run.py:66 in __call__                                                                           │
│                                                                                                                                                                                  │
│   63 │   │   else:                                                                                                                                                               │
│   64 │   │   │   state = None                                                                                                                                                    │
│   65 │   │                                                                                                                                                                       │
│ > 66 │   │   state = self.run_app(app, **full_options(state, options))                                                                                                           │
│   67 │   │                                                                                                                                                                       │
│   68 │   │   return state                                                                                                                                                        │
│   69                                                                                                                                                                             │
│                                                                                                                                                                                  │
│ ┌──────────────────────────────────────────────────────────────────────────────── locals ────────────────────────────────────────────────────────────────────────────────┐       │
│ │           app = <com.example.onetwothreesoundeffects v0.0.1 AppConfig>                                                                                                 │       │
│ │       appname = None                                                                                                                                                   │       │
│ │   binary_file = WindowsPath('C:/Users/tzema/Documents/GitHub/1-2-3-sound-effects/onetwothreesoundeffects/windows/app/1-2-3 sound effects/src/1-2-3 sound effects.exe') │       │
│ │       options = {}                                                                                                                                                     │       │
│ │          self = <briefcase.platforms.windows.app.WindowsAppRunCommand object at 0x0000016E43D2FC10>                                                                    │       │
│ │         state = None                                                                                                                                                   │       │
│ │ template_file = WindowsPath('C:/Users/tzema/Documents/GitHub/1-2-3-sound-effects/onetwothreesoundeffects/windows/app/1-2-3 sound effects')                             │       │
│ │        update = False                                                                                                                                                  │       │
│ └────────────────────────────────────────────────────────────────────────────────────────────────────────────────────────────────────────────────────────────────────────┘       │
│                                                                                                                                                                                  │
│ C:\Users\tzema\AppData\Roaming\Python\Python310\site-packages\briefcase\platforms\windows\__init__.py:93 in run_app                                                              │
│                                                                                                                                                                                  │
│    90 │   │   │   │   check=True,                                                                                                                                                │
│    91 │   │   │   )                                                                                                                                                              │
│    92 │   │   except subprocess.CalledProcessError as e:                                                                                                                         │
│ >  93 │   │   │   raise BriefcaseCommandError(f"Unable to start app {app.app_name}.") from e                                                                                     │
│    94                                                                                                                                                                            │
│    95                                                                                                                                                                            │
│    96 class WindowsPackageCommand(PackageCommand):                                                                                                                               │
│                                                                                                                                                                                  │
│ ┌─────────────────────────────────────────── locals ───────────────────────────────────────────┐                                                                                 │
│ │    app = <com.example.onetwothreesoundeffects v0.0.1 AppConfig>                              │                                                                                 │
│ │ kwargs = {}                                                                                  │                                                                                 │
│ │   self = <briefcase.platforms.windows.app.WindowsAppRunCommand object at 0x0000016E43D2FC10> │                                                                                 │
│ └──────────────────────────────────────────────────────────────────────────────────────────────┘                                                                                 │
└──────────────────────────────────────────────────────────────────────────────────────────────────────────────────────────────────────────────────────────────────────────────────┘
BriefcaseCommandError: Unable to start app onetwothreesoundeffects.
